This file contains any messages produced by compilers while
running configure, to aid debugging if configure makes a mistake.

It was created by configure, which was
generated by GNU Autoconf 2.69.  Invocation command line was

  $ ./configure 

## --------- ##
## Platform. ##
## --------- ##

hostname = localhost.localdomain
uname -m = x86_64
uname -r = 3.9.5-301.fc19.x86_64
uname -s = Linux
uname -v = #1 SMP Tue Jun 11 19:39:38 UTC 2013

/usr/bin/uname -p = x86_64
/bin/uname -X     = unknown

/bin/arch              = x86_64
/usr/bin/arch -k       = unknown
/usr/convex/getsysinfo = unknown
/usr/bin/hostinfo      = unknown
/bin/machine           = unknown
/usr/bin/oslevel       = unknown
/bin/universe          = unknown

PATH: /usr/local/protobuf/bin
PATH: /usr/local/bin
PATH: /usr/local/sbin
PATH: /usr/local/bin
PATH: /usr/sbin
PATH: /usr/bin
PATH: /root/bin


## ----------- ##
## Core tests. ##
## ----------- ##

configure:2540: checking for a BSD-compatible install
configure:2608: result: /usr/bin/install -c
configure:2619: checking whether build environment is sane
configure:2674: result: yes
configure:2825: checking for a thread-safe mkdir -p
configure:2864: result: /usr/bin/mkdir -p
configure:2871: checking for gawk
configure:2887: found /usr/bin/gawk
configure:2898: result: gawk
configure:2909: checking whether make sets $(MAKE)
configure:2931: result: yes
configure:2960: checking whether make supports nested variables
configure:2977: result: yes
configure:3122: checking for g++
configure:3138: found /usr/bin/g++
configure:3149: result: g++
configure:3176: checking for C++ compiler version
configure:3185: g++ --version >&5
g++ (GCC) 4.8.1 20130603 (Red Hat 4.8.1-1)
Copyright (C) 2013 Free Software Foundation, Inc.
This is free software; see the source for copying conditions.  There is NO
warranty; not even for MERCHANTABILITY or FITNESS FOR A PARTICULAR PURPOSE.

configure:3196: $? = 0
configure:3185: g++ -v >&5
Using built-in specs.
COLLECT_GCC=g++
COLLECT_LTO_WRAPPER=/usr/libexec/gcc/x86_64-redhat-linux/4.8.1/lto-wrapper
Target: x86_64-redhat-linux
Configured with: ../configure --prefix=/usr --mandir=/usr/share/man --infodir=/usr/share/info --with-bugurl=http://bugzilla.redhat.com/bugzilla --enable-bootstrap --enable-shared --enable-threads=posix --enable-checking=release --with-system-zlib --enable-__cxa_atexit --disable-libunwind-exceptions --enable-gnu-unique-object --enable-linker-build-id --with-linker-hash-style=gnu --enable-languages=c,c++,objc,obj-c++,java,fortran,ada,go,lto --enable-plugin --enable-initfini-array --enable-java-awt=gtk --disable-dssi --with-java-home=/usr/lib/jvm/java-1.5.0-gcj-1.5.0.0/jre --enable-libgcj-multifile --enable-java-maintainer-mode --with-ecj-jar=/usr/share/java/eclipse-ecj.jar --disable-libjava-multilib --with-isl=/builddir/build/BUILD/gcc-4.8.1-20130603/obj-x86_64-redhat-linux/isl-install --with-cloog=/builddir/build/BUILD/gcc-4.8.1-20130603/obj-x86_64-redhat-linux/cloog-install --with-tune=generic --with-arch_32=i686 --build=x86_64-redhat-linux
Thread model: posix
gcc version 4.8.1 20130603 (Red Hat 4.8.1-1) (GCC) 
configure:3196: $? = 0
configure:3185: g++ -V >&5
g++: error: unrecognized command line option '-V'
g++: fatal error: no input files
compilation terminated.
configure:3196: $? = 4
configure:3185: g++ -qversion >&5
g++: error: unrecognized command line option '-qversion'
g++: fatal error: no input files
compilation terminated.
configure:3196: $? = 4
configure:3216: checking whether the C++ compiler works
configure:3238: g++ -O3 -Wall -D_NO_EXCEPTION   conftest.cpp  >&5
configure:3242: $? = 0
configure:3290: result: yes
configure:3293: checking for C++ compiler default output file name
configure:3295: result: a.out
configure:3301: checking for suffix of executables
configure:3308: g++ -o conftest -O3 -Wall -D_NO_EXCEPTION   conftest.cpp  >&5
configure:3312: $? = 0
configure:3334: result: 
configure:3356: checking whether we are cross compiling
configure:3364: g++ -o conftest -O3 -Wall -D_NO_EXCEPTION   conftest.cpp  >&5
configure:3368: $? = 0
configure:3375: ./conftest
configure:3379: $? = 0
configure:3394: result: no
configure:3399: checking for suffix of object files
configure:3421: g++ -c -O3 -Wall -D_NO_EXCEPTION  conftest.cpp >&5
configure:3425: $? = 0
configure:3446: result: o
configure:3450: checking whether we are using the GNU C++ compiler
configure:3469: g++ -c -O3 -Wall -D_NO_EXCEPTION  conftest.cpp >&5
configure:3469: $? = 0
configure:3478: result: yes
configure:3487: checking whether g++ accepts -g
configure:3507: g++ -c -g  conftest.cpp >&5
configure:3507: $? = 0
configure:3548: result: yes
configure:3582: checking for style of include used by make
configure:3610: result: GNU
configure:3636: checking dependency style of g++
configure:3747: result: gcc3
configure:3810: checking for gcc
configure:3826: found /usr/bin/gcc
configure:3837: result: gcc
configure:4066: checking for C compiler version
configure:4075: gcc --version >&5
gcc (GCC) 4.8.1 20130603 (Red Hat 4.8.1-1)
Copyright (C) 2013 Free Software Foundation, Inc.
This is free software; see the source for copying conditions.  There is NO
warranty; not even for MERCHANTABILITY or FITNESS FOR A PARTICULAR PURPOSE.

configure:4086: $? = 0
configure:4075: gcc -v >&5
Using built-in specs.
COLLECT_GCC=gcc
COLLECT_LTO_WRAPPER=/usr/libexec/gcc/x86_64-redhat-linux/4.8.1/lto-wrapper
Target: x86_64-redhat-linux
Configured with: ../configure --prefix=/usr --mandir=/usr/share/man --infodir=/usr/share/info --with-bugurl=http://bugzilla.redhat.com/bugzilla --enable-bootstrap --enable-shared --enable-threads=posix --enable-checking=release --with-system-zlib --enable-__cxa_atexit --disable-libunwind-exceptions --enable-gnu-unique-object --enable-linker-build-id --with-linker-hash-style=gnu --enable-languages=c,c++,objc,obj-c++,java,fortran,ada,go,lto --enable-plugin --enable-initfini-array --enable-java-awt=gtk --disable-dssi --with-java-home=/usr/lib/jvm/java-1.5.0-gcj-1.5.0.0/jre --enable-libgcj-multifile --enable-java-maintainer-mode --with-ecj-jar=/usr/share/java/eclipse-ecj.jar --disable-libjava-multilib --with-isl=/builddir/build/BUILD/gcc-4.8.1-20130603/obj-x86_64-redhat-linux/isl-install --with-cloog=/builddir/build/BUILD/gcc-4.8.1-20130603/obj-x86_64-redhat-linux/cloog-install --with-tune=generic --with-arch_32=i686 --build=x86_64-redhat-linux
Thread model: posix
gcc version 4.8.1 20130603 (Red Hat 4.8.1-1) (GCC) 
configure:4086: $? = 0
configure:4075: gcc -V >&5
gcc: error: unrecognized command line option '-V'
gcc: fatal error: no input files
compilation terminated.
configure:4086: $? = 4
configure:4075: gcc -qversion >&5
gcc: error: unrecognized command line option '-qversion'
gcc: fatal error: no input files
compilation terminated.
configure:4086: $? = 4
configure:4090: checking whether we are using the GNU C compiler
configure:4109: gcc -c   conftest.c >&5
configure:4109: $? = 0
configure:4118: result: yes
configure:4127: checking whether gcc accepts -g
configure:4147: gcc -c -g  conftest.c >&5
configure:4147: $? = 0
configure:4188: result: yes
configure:4205: checking for gcc option to accept ISO C89
configure:4268: gcc  -c -g -O2  conftest.c >&5
configure:4268: $? = 0
configure:4281: result: none needed
configure:4303: checking dependency style of gcc
configure:4414: result: gcc3
configure:4434: checking how to run the C preprocessor
configure:4465: gcc -E  conftest.c
configure:4465: $? = 0
configure:4479: gcc -E  conftest.c
conftest.c:11:28: fatal error: ac_nonexistent.h: No such file or directory
 #include <ac_nonexistent.h>
                            ^
compilation terminated.
configure:4479: $? = 1
configure: failed program was:
| /* confdefs.h */
| #define PACKAGE_NAME ""
| #define PACKAGE_TARNAME ""
| #define PACKAGE_VERSION ""
| #define PACKAGE_STRING ""
| #define PACKAGE_BUGREPORT ""
| #define PACKAGE_URL ""
| #define PACKAGE "tbsys"
| #define VERSION "0.1"
| /* end confdefs.h.  */
| #include <ac_nonexistent.h>
configure:4504: result: gcc -E
configure:4524: gcc -E  conftest.c
configure:4524: $? = 0
configure:4538: gcc -E  conftest.c
conftest.c:11:28: fatal error: ac_nonexistent.h: No such file or directory
 #include <ac_nonexistent.h>
                            ^
compilation terminated.
configure:4538: $? = 1
configure: failed program was:
| /* confdefs.h */
| #define PACKAGE_NAME ""
| #define PACKAGE_TARNAME ""
| #define PACKAGE_VERSION ""
| #define PACKAGE_STRING ""
| #define PACKAGE_BUGREPORT ""
| #define PACKAGE_URL ""
| #define PACKAGE "tbsys"
| #define VERSION "0.1"
| /* end confdefs.h.  */
| #include <ac_nonexistent.h>
configure:4567: checking whether ln -s works
configure:4571: result: yes
configure:4578: checking whether make sets $(MAKE)
configure:4600: result: yes
configure:4638: checking build system type
configure:4652: result: x86_64-unknown-linux-gnu
configure:4672: checking host system type
configure:4685: result: x86_64-unknown-linux-gnu
configure:4726: checking how to print strings
configure:4753: result: printf
configure:4774: checking for a sed that does not truncate output
configure:4838: result: /usr/bin/sed
configure:4856: checking for grep that handles long lines and -e
configure:4914: result: /usr/bin/grep
configure:4919: checking for egrep
configure:4981: result: /usr/bin/grep -E
configure:4986: checking for fgrep
configure:5048: result: /usr/bin/grep -F
configure:5083: checking for ld used by gcc
configure:5150: result: /usr/bin/ld
configure:5157: checking if the linker (/usr/bin/ld) is GNU ld
configure:5172: result: yes
configure:5184: checking for BSD- or MS-compatible name lister (nm)
configure:5233: result: /usr/bin/nm -B
configure:5363: checking the name lister (/usr/bin/nm -B) interface
configure:5370: gcc -c -g -O2  conftest.c >&5
configure:5373: /usr/bin/nm -B "conftest.o"
configure:5376: output
0000000000000000 B some_variable
configure:5383: result: BSD nm
configure:5387: checking the maximum length of command line arguments
configure:5517: result: 1572864
configure:5534: checking whether the shell understands some XSI constructs
configure:5544: result: yes
configure:5548: checking whether the shell understands "+="
configure:5554: result: yes
configure:5589: checking how to convert x86_64-unknown-linux-gnu file names to x86_64-unknown-linux-gnu format
configure:5629: result: func_convert_file_noop
configure:5636: checking how to convert x86_64-unknown-linux-gnu file names to toolchain format
configure:5656: result: func_convert_file_noop
configure:5663: checking for /usr/bin/ld option to reload object files
configure:5670: result: -r
configure:5744: checking for objdump
configure:5760: found /usr/bin/objdump
configure:5771: result: objdump
configure:5803: checking how to recognize dependent libraries
configure:6005: result: pass_all
configure:6090: checking for dlltool
configure:6120: result: no
configure:6150: checking how to associate runtime and link libraries
configure:6177: result: printf %s\n
configure:6238: checking for ar
configure:6254: found /usr/bin/ar
configure:6265: result: ar
configure:6302: checking for archiver @FILE support
configure:6319: gcc -c -g -O2  conftest.c >&5
configure:6319: $? = 0
configure:6322: ar cru libconftest.a @conftest.lst >&5
configure:6325: $? = 0
configure:6330: ar cru libconftest.a @conftest.lst >&5
ar: conftest.o: No such file or directory
configure:6333: $? = 1
configure:6345: result: @
configure:6403: checking for strip
configure:6419: found /usr/bin/strip
configure:6430: result: strip
configure:6502: checking for ranlib
configure:6518: found /usr/bin/ranlib
configure:6529: result: ranlib
configure:6631: checking command to parse /usr/bin/nm -B output from gcc object
configure:6751: gcc -c -g -O2  conftest.c >&5
configure:6754: $? = 0
configure:6758: /usr/bin/nm -B conftest.o \| sed -n -e 's/^.*[ ]\([ABCDGIRSTW][ABCDGIRSTW]*\)[ ][ ]*\([_A-Za-z][_A-Za-z0-9]*\)$/\1 \2 \2/p' | sed '/ __gnu_lto/d' \> conftest.nm
configure:6761: $? = 0
configure:6827: gcc -o conftest -g -O2   conftest.c conftstm.o >&5
configure:6830: $? = 0
configure:6868: result: ok
configure:6905: checking for sysroot
configure:6935: result: no
configure:7012: gcc -c -g -O2  conftest.c >&5
configure:7015: $? = 0
configure:7191: checking for mt
configure:7221: result: no
configure:7241: checking if : is a manifest tool
configure:7247: : '-?'
configure:7255: result: no
configure:7893: checking for ANSI C header files
configure:7913: gcc -c -g -O2  conftest.c >&5
configure:7913: $? = 0
configure:7986: gcc -o conftest -g -O2   conftest.c  >&5
configure:7986: $? = 0
configure:7986: ./conftest
configure:7986: $? = 0
configure:7997: result: yes
configure:8010: checking for sys/types.h
configure:8010: gcc -c -g -O2  conftest.c >&5
configure:8010: $? = 0
configure:8010: result: yes
configure:8010: checking for sys/stat.h
configure:8010: gcc -c -g -O2  conftest.c >&5
configure:8010: $? = 0
configure:8010: result: yes
configure:8010: checking for stdlib.h
configure:8010: gcc -c -g -O2  conftest.c >&5
configure:8010: $? = 0
configure:8010: result: yes
configure:8010: checking for string.h
configure:8010: gcc -c -g -O2  conftest.c >&5
configure:8010: $? = 0
configure:8010: result: yes
configure:8010: checking for memory.h
configure:8010: gcc -c -g -O2  conftest.c >&5
configure:8010: $? = 0
configure:8010: result: yes
configure:8010: checking for strings.h
configure:8010: gcc -c -g -O2  conftest.c >&5
configure:8010: $? = 0
configure:8010: result: yes
configure:8010: checking for inttypes.h
configure:8010: gcc -c -g -O2  conftest.c >&5
configure:8010: $? = 0
configure:8010: result: yes
configure:8010: checking for stdint.h
configure:8010: gcc -c -g -O2  conftest.c >&5
configure:8010: $? = 0
configure:8010: result: yes
configure:8010: checking for unistd.h
configure:8010: gcc -c -g -O2  conftest.c >&5
configure:8010: $? = 0
configure:8010: result: yes
configure:8024: checking for dlfcn.h
configure:8024: gcc -c -g -O2  conftest.c >&5
configure:8024: $? = 0
configure:8024: result: yes
configure:8241: checking for objdir
configure:8256: result: .libs
configure:8523: checking if gcc supports -fno-rtti -fno-exceptions
configure:8541: gcc -c -g -O2  -fno-rtti -fno-exceptions conftest.c >&5
cc1: warning: command line option '-fno-rtti' is valid for C++/ObjC++ but not for C [enabled by default]
configure:8545: $? = 0
configure:8558: result: no
configure:8885: checking for gcc option to produce PIC
configure:8892: result: -fPIC -DPIC
configure:8900: checking if gcc PIC flag -fPIC -DPIC works
configure:8918: gcc -c -g -O2  -fPIC -DPIC -DPIC conftest.c >&5
configure:8922: $? = 0
configure:8935: result: yes
configure:8964: checking if gcc static flag -static works
configure:8992: result: no
configure:9007: checking if gcc supports -c -o file.o
configure:9028: gcc -c -g -O2  -o out/conftest2.o conftest.c >&5
configure:9032: $? = 0
configure:9054: result: yes
configure:9062: checking if gcc supports -c -o file.o
configure:9109: result: yes
configure:9142: checking whether the gcc linker (/usr/bin/ld -m elf_x86_64) supports shared libraries
configure:10295: result: yes
configure:10332: checking whether -lc should be explicitly linked in
configure:10340: gcc -c -g -O2  conftest.c >&5
configure:10343: $? = 0
configure:10358: gcc -shared  -fPIC -DPIC conftest.o  -v -Wl,-soname -Wl,conftest -o conftest 2\>\&1 \| /usr/bin/grep  -lc  \>/dev/null 2\>\&1
configure:10361: $? = 0
configure:10375: result: no
configure:10535: checking dynamic linker characteristics
configure:11046: gcc -o conftest -g -O2   -Wl,-rpath -Wl,/foo conftest.c  >&5
configure:11046: $? = 0
configure:11272: result: GNU/Linux ld.so
configure:11379: checking how to hardcode library paths into programs
configure:11404: result: immediate
configure:11944: checking whether stripping libraries is possible
configure:11949: result: yes
configure:11984: checking if libtool supports shared libraries
configure:11986: result: yes
configure:11989: checking whether to build shared libraries
configure:12010: result: yes
configure:12013: checking whether to build static libraries
configure:12017: result: yes
configure:12040: checking how to run the C++ preprocessor
configure:12067: g++ -E  conftest.cpp
configure:12067: $? = 0
configure:12081: g++ -E  conftest.cpp
conftest.cpp:23:28: fatal error: ac_nonexistent.h: No such file or directory
 #include <ac_nonexistent.h>
                            ^
compilation terminated.
configure:12081: $? = 1
configure: failed program was:
| /* confdefs.h */
| #define PACKAGE_NAME ""
| #define PACKAGE_TARNAME ""
| #define PACKAGE_VERSION ""
| #define PACKAGE_STRING ""
| #define PACKAGE_BUGREPORT ""
| #define PACKAGE_URL ""
| #define PACKAGE "tbsys"
| #define VERSION "0.1"
| #define STDC_HEADERS 1
| #define HAVE_SYS_TYPES_H 1
| #define HAVE_SYS_STAT_H 1
| #define HAVE_STDLIB_H 1
| #define HAVE_STRING_H 1
| #define HAVE_MEMORY_H 1
| #define HAVE_STRINGS_H 1
| #define HAVE_INTTYPES_H 1
| #define HAVE_STDINT_H 1
| #define HAVE_UNISTD_H 1
| #define HAVE_DLFCN_H 1
| #define LT_OBJDIR ".libs/"
| /* end confdefs.h.  */
| #include <ac_nonexistent.h>
configure:12106: result: g++ -E
configure:12126: g++ -E  conftest.cpp
configure:12126: $? = 0
configure:12140: g++ -E  conftest.cpp
conftest.cpp:23:28: fatal error: ac_nonexistent.h: No such file or directory
 #include <ac_nonexistent.h>
                            ^
compilation terminated.
configure:12140: $? = 1
configure: failed program was:
| /* confdefs.h */
| #define PACKAGE_NAME ""
| #define PACKAGE_TARNAME ""
| #define PACKAGE_VERSION ""
| #define PACKAGE_STRING ""
| #define PACKAGE_BUGREPORT ""
| #define PACKAGE_URL ""
| #define PACKAGE "tbsys"
| #define VERSION "0.1"
| #define STDC_HEADERS 1
| #define HAVE_SYS_TYPES_H 1
| #define HAVE_SYS_STAT_H 1
| #define HAVE_STDLIB_H 1
| #define HAVE_STRING_H 1
| #define HAVE_MEMORY_H 1
| #define HAVE_STRINGS_H 1
| #define HAVE_INTTYPES_H 1
| #define HAVE_STDINT_H 1
| #define HAVE_UNISTD_H 1
| #define HAVE_DLFCN_H 1
| #define LT_OBJDIR ".libs/"
| /* end confdefs.h.  */
| #include <ac_nonexistent.h>
configure:12309: checking for ld used by g++
configure:12376: result: /usr/bin/ld -m elf_x86_64
configure:12383: checking if the linker (/usr/bin/ld -m elf_x86_64) is GNU ld
configure:12398: result: yes
configure:12453: checking whether the g++ linker (/usr/bin/ld -m elf_x86_64) supports shared libraries
configure:13458: result: yes
configure:13494: g++ -c -O3 -Wall -D_NO_EXCEPTION  conftest.cpp >&5
configure:13497: $? = 0
configure:14017: checking for g++ option to produce PIC
configure:14024: result: -fPIC -DPIC
configure:14032: checking if g++ PIC flag -fPIC -DPIC works
configure:14050: g++ -c -O3 -Wall -D_NO_EXCEPTION  -fPIC -DPIC -DPIC conftest.cpp >&5
configure:14054: $? = 0
configure:14067: result: yes
configure:14090: checking if g++ static flag -static works
configure:14118: result: no
configure:14130: checking if g++ supports -c -o file.o
configure:14151: g++ -c -O3 -Wall -D_NO_EXCEPTION  -o out/conftest2.o conftest.cpp >&5
configure:14155: $? = 0
configure:14177: result: yes
configure:14182: checking if g++ supports -c -o file.o
configure:14229: result: yes
configure:14259: checking whether the g++ linker (/usr/bin/ld -m elf_x86_64) supports shared libraries
configure:14295: result: yes
configure:14436: checking dynamic linker characteristics
configure:15107: result: GNU/Linux ld.so
configure:15160: checking how to hardcode library paths into programs
configure:15185: result: immediate
configure:15262: checking for ANSI C header files
configure:15366: result: yes
configure:15377: checking arpa/inet.h usability
configure:15377: g++ -c -g -Wall -fPIC  conftest.cpp >&5
configure:15377: $? = 0
configure:15377: result: yes
configure:15377: checking arpa/inet.h presence
configure:15377: g++ -E  conftest.cpp
configure:15377: $? = 0
configure:15377: result: yes
configure:15377: checking for arpa/inet.h
configure:15377: result: yes
configure:15377: checking fcntl.h usability
configure:15377: g++ -c -g -Wall -fPIC  conftest.cpp >&5
configure:15377: $? = 0
configure:15377: result: yes
configure:15377: checking fcntl.h presence
configure:15377: g++ -E  conftest.cpp
configure:15377: $? = 0
configure:15377: result: yes
configure:15377: checking for fcntl.h
configure:15377: result: yes
configure:15377: checking netdb.h usability
configure:15377: g++ -c -g -Wall -fPIC  conftest.cpp >&5
configure:15377: $? = 0
configure:15377: result: yes
configure:15377: checking netdb.h presence
configure:15377: g++ -E  conftest.cpp
configure:15377: $? = 0
configure:15377: result: yes
configure:15377: checking for netdb.h
configure:15377: result: yes
configure:15377: checking netinet/in.h usability
configure:15377: g++ -c -g -Wall -fPIC  conftest.cpp >&5
configure:15377: $? = 0
configure:15377: result: yes
configure:15377: checking netinet/in.h presence
configure:15377: g++ -E  conftest.cpp
configure:15377: $? = 0
configure:15377: result: yes
configure:15377: checking for netinet/in.h
configure:15377: result: yes
configure:15377: checking for string.h
configure:15377: result: yes
configure:15377: checking for strings.h
configure:15377: result: yes
configure:15377: checking sys/socket.h usability
configure:15377: g++ -c -g -Wall -fPIC  conftest.cpp >&5
configure:15377: $? = 0
configure:15377: result: yes
configure:15377: checking sys/socket.h presence
configure:15377: g++ -E  conftest.cpp
configure:15377: $? = 0
configure:15377: result: yes
configure:15377: checking for sys/socket.h
configure:15377: result: yes
configure:15377: checking sys/time.h usability
configure:15377: g++ -c -g -Wall -fPIC  conftest.cpp >&5
configure:15377: $? = 0
configure:15377: result: yes
configure:15377: checking sys/time.h presence
configure:15377: g++ -E  conftest.cpp
configure:15377: $? = 0
configure:15377: result: yes
configure:15377: checking for sys/time.h
configure:15377: result: yes
configure:15377: checking for unistd.h
configure:15377: result: yes
configure:15389: checking for stdbool.h that conforms to C99
configure:15456: g++ -c -g -Wall -fPIC  conftest.cpp >&5
conftest.cpp: In function 'int main()':
conftest.cpp:82:24: warning: the address of 's' will always evaluate as 'true' [-Waddress]
              bool e = &s;
                        ^
conftest.cpp:86:23: warning: the address of 'a' will always evaluate as 'true' [-Waddress]
              return (!a + !b + !c + !d + !e + !f + !g + !h + !i + !!j + !k + !!l
                       ^
conftest.cpp:86:28: warning: the address of 'b' will always evaluate as 'true' [-Waddress]
              return (!a + !b + !c + !d + !e + !f + !g + !h + !i + !!j + !k + !!l
                            ^
conftest.cpp:86:33: warning: the address of 'c' will always evaluate as 'true' [-Waddress]
              return (!a + !b + !c + !d + !e + !f + !g + !h + !i + !!j + !k + !!l
                                 ^
conftest.cpp:86:38: warning: the address of 'd' will always evaluate as 'true' [-Waddress]
              return (!a + !b + !c + !d + !e + !f + !g + !h + !i + !!j + !k + !!l
                                      ^
conftest.cpp:86:48: warning: the address of 'f' will always evaluate as 'true' [-Waddress]
              return (!a + !b + !c + !d + !e + !f + !g + !h + !i + !!j + !k + !!l
                                                ^
conftest.cpp:86:53: warning: the address of 'g' will always evaluate as 'true' [-Waddress]
              return (!a + !b + !c + !d + !e + !f + !g + !h + !i + !!j + !k + !!l
                                                     ^
conftest.cpp:86:58: warning: the address of 'h' will always evaluate as 'true' [-Waddress]
              return (!a + !b + !c + !d + !e + !f + !g + !h + !i + !!j + !k + !!l
                                                          ^
conftest.cpp:86:63: warning: the address of 'i' will always evaluate as 'true' [-Waddress]
              return (!a + !b + !c + !d + !e + !f + !g + !h + !i + !!j + !k + !!l
                                                               ^
conftest.cpp:87:30: warning: the address of 'n' will always evaluate as 'true' [-Waddress]
                              ^
conftest.cpp:87:35: warning: the address of 'o' will always evaluate as 'true' [-Waddress]
                                   ^
conftest.cpp:87:40: warning: the address of 'p' will always evaluate as 'true' [-Waddress]
                                        ^
configure:15456: $? = 0
configure:15463: result: yes
configure:15465: checking for _Bool
configure:15465: g++ -c -g -Wall -fPIC  conftest.cpp >&5
conftest.cpp: In function 'int main()':
conftest.cpp:69:13: error: '_Bool' was not declared in this scope
 if (sizeof (_Bool))
             ^
configure:15465: $? = 1
configure: failed program was:
| /* confdefs.h */
| #define PACKAGE_NAME ""
| #define PACKAGE_TARNAME ""
| #define PACKAGE_VERSION ""
| #define PACKAGE_STRING ""
| #define PACKAGE_BUGREPORT ""
| #define PACKAGE_URL ""
| #define PACKAGE "tbsys"
| #define VERSION "0.1"
| #define STDC_HEADERS 1
| #define HAVE_SYS_TYPES_H 1
| #define HAVE_SYS_STAT_H 1
| #define HAVE_STDLIB_H 1
| #define HAVE_STRING_H 1
| #define HAVE_MEMORY_H 1
| #define HAVE_STRINGS_H 1
| #define HAVE_INTTYPES_H 1
| #define HAVE_STDINT_H 1
| #define HAVE_UNISTD_H 1
| #define HAVE_DLFCN_H 1
| #define LT_OBJDIR ".libs/"
| #define STDC_HEADERS 1
| #define HAVE_ARPA_INET_H 1
| #define HAVE_FCNTL_H 1
| #define HAVE_NETDB_H 1
| #define HAVE_NETINET_IN_H 1
| #define HAVE_STRING_H 1
| #define HAVE_STRINGS_H 1
| #define HAVE_SYS_SOCKET_H 1
| #define HAVE_SYS_TIME_H 1
| #define HAVE_UNISTD_H 1
| /* end confdefs.h.  */
| #include <stdio.h>
| #ifdef HAVE_SYS_TYPES_H
| # include <sys/types.h>
| #endif
| #ifdef HAVE_SYS_STAT_H
| # include <sys/stat.h>
| #endif
| #ifdef STDC_HEADERS
| # include <stdlib.h>
| # include <stddef.h>
| #else
| # ifdef HAVE_STDLIB_H
| #  include <stdlib.h>
| # endif
| #endif
| #ifdef HAVE_STRING_H
| # if !defined STDC_HEADERS && defined HAVE_MEMORY_H
| #  include <memory.h>
| # endif
| # include <string.h>
| #endif
| #ifdef HAVE_STRINGS_H
| # include <strings.h>
| #endif
| #ifdef HAVE_INTTYPES_H
| # include <inttypes.h>
| #endif
| #ifdef HAVE_STDINT_H
| # include <stdint.h>
| #endif
| #ifdef HAVE_UNISTD_H
| # include <unistd.h>
| #endif
| int
| main ()
| {
| if (sizeof (_Bool))
| 	 return 0;
|   ;
|   return 0;
| }
configure:15465: result: no
configure:15482: checking for an ANSI C-conforming const
configure:15548: g++ -c -g -Wall -fPIC  conftest.cpp >&5
configure:15548: $? = 0
configure:15555: result: yes
configure:15563: checking for inline
configure:15579: g++ -c -g -Wall -fPIC  conftest.cpp >&5
configure:15579: $? = 0
configure:15587: result: inline
configure:15605: checking for size_t
configure:15605: g++ -c -g -Wall -fPIC  conftest.cpp >&5
configure:15605: $? = 0
configure:15605: g++ -c -g -Wall -fPIC  conftest.cpp >&5
conftest.cpp: In function 'int main()':
conftest.cpp:70:20: error: expected primary-expression before ')' token
 if (sizeof ((size_t)))
                    ^
configure:15605: $? = 1
configure: failed program was:
| /* confdefs.h */
| #define PACKAGE_NAME ""
| #define PACKAGE_TARNAME ""
| #define PACKAGE_VERSION ""
| #define PACKAGE_STRING ""
| #define PACKAGE_BUGREPORT ""
| #define PACKAGE_URL ""
| #define PACKAGE "tbsys"
| #define VERSION "0.1"
| #define STDC_HEADERS 1
| #define HAVE_SYS_TYPES_H 1
| #define HAVE_SYS_STAT_H 1
| #define HAVE_STDLIB_H 1
| #define HAVE_STRING_H 1
| #define HAVE_MEMORY_H 1
| #define HAVE_STRINGS_H 1
| #define HAVE_INTTYPES_H 1
| #define HAVE_STDINT_H 1
| #define HAVE_UNISTD_H 1
| #define HAVE_DLFCN_H 1
| #define LT_OBJDIR ".libs/"
| #define STDC_HEADERS 1
| #define HAVE_ARPA_INET_H 1
| #define HAVE_FCNTL_H 1
| #define HAVE_NETDB_H 1
| #define HAVE_NETINET_IN_H 1
| #define HAVE_STRING_H 1
| #define HAVE_STRINGS_H 1
| #define HAVE_SYS_SOCKET_H 1
| #define HAVE_SYS_TIME_H 1
| #define HAVE_UNISTD_H 1
| #define HAVE_STDBOOL_H 1
| /* end confdefs.h.  */
| #include <stdio.h>
| #ifdef HAVE_SYS_TYPES_H
| # include <sys/types.h>
| #endif
| #ifdef HAVE_SYS_STAT_H
| # include <sys/stat.h>
| #endif
| #ifdef STDC_HEADERS
| # include <stdlib.h>
| # include <stddef.h>
| #else
| # ifdef HAVE_STDLIB_H
| #  include <stdlib.h>
| # endif
| #endif
| #ifdef HAVE_STRING_H
| # if !defined STDC_HEADERS && defined HAVE_MEMORY_H
| #  include <memory.h>
| # endif
| # include <string.h>
| #endif
| #ifdef HAVE_STRINGS_H
| # include <strings.h>
| #endif
| #ifdef HAVE_INTTYPES_H
| # include <inttypes.h>
| #endif
| #ifdef HAVE_STDINT_H
| # include <stdint.h>
| #endif
| #ifdef HAVE_UNISTD_H
| # include <unistd.h>
| #endif
| int
| main ()
| {
| if (sizeof ((size_t)))
| 	    return 0;
|   ;
|   return 0;
| }
configure:15605: result: yes
configure:15616: checking whether time.h and sys/time.h may both be included
configure:15636: g++ -c -g -Wall -fPIC  conftest.cpp >&5
configure:15636: $? = 0
configure:15643: result: yes
configure:15651: checking whether struct tm is in sys/time.h or time.h
configure:15671: g++ -c -g -Wall -fPIC  conftest.cpp >&5
configure:15671: $? = 0
configure:15678: result: time.h
configure:15686: checking for working volatile
configure:15705: g++ -c -g -Wall -fPIC  conftest.cpp >&5
configure:15705: $? = 0
configure:15712: result: yes
configure:15724: checking for stdlib.h
configure:15724: result: yes
configure:15734: checking for GNU libc compatible malloc
configure:15758: g++ -o conftest -g -Wall -fPIC   conftest.cpp  >&5
configure:15758: $? = 0
configure:15758: ./conftest
configure:15758: $? = 0
configure:15768: result: yes
configure:15789: checking for working memcmp
configure:15832: g++ -o conftest -g -Wall -fPIC   conftest.cpp  >&5
configure:15832: $? = 0
configure:15832: ./conftest
configure:15832: $? = 0
configure:15842: result: yes
configure:15851: checking return type of signal handlers
configure:15869: g++ -c -g -Wall -fPIC  conftest.cpp >&5
conftest.cpp: In function 'int main()':
conftest.cpp:43:22: error: void value not ignored as it ought to be
 return *(signal (0, 0)) (0) == 1;
                      ^
configure:15869: $? = 1
configure: failed program was:
| /* confdefs.h */
| #define PACKAGE_NAME ""
| #define PACKAGE_TARNAME ""
| #define PACKAGE_VERSION ""
| #define PACKAGE_STRING ""
| #define PACKAGE_BUGREPORT ""
| #define PACKAGE_URL ""
| #define PACKAGE "tbsys"
| #define VERSION "0.1"
| #define STDC_HEADERS 1
| #define HAVE_SYS_TYPES_H 1
| #define HAVE_SYS_STAT_H 1
| #define HAVE_STDLIB_H 1
| #define HAVE_STRING_H 1
| #define HAVE_MEMORY_H 1
| #define HAVE_STRINGS_H 1
| #define HAVE_INTTYPES_H 1
| #define HAVE_STDINT_H 1
| #define HAVE_UNISTD_H 1
| #define HAVE_DLFCN_H 1
| #define LT_OBJDIR ".libs/"
| #define STDC_HEADERS 1
| #define HAVE_ARPA_INET_H 1
| #define HAVE_FCNTL_H 1
| #define HAVE_NETDB_H 1
| #define HAVE_NETINET_IN_H 1
| #define HAVE_STRING_H 1
| #define HAVE_STRINGS_H 1
| #define HAVE_SYS_SOCKET_H 1
| #define HAVE_SYS_TIME_H 1
| #define HAVE_UNISTD_H 1
| #define HAVE_STDBOOL_H 1
| #define TIME_WITH_SYS_TIME 1
| #define HAVE_STDLIB_H 1
| #define HAVE_MALLOC 1
| /* end confdefs.h.  */
| #include <sys/types.h>
| #include <signal.h>
| 
| int
| main ()
| {
| return *(signal (0, 0)) (0) == 1;
|   ;
|   return 0;
| }
configure:15876: result: void
configure:15886: checking for vprintf
configure:15886: g++ -o conftest -g -Wall -fPIC   conftest.cpp  >&5
configure:15886: $? = 0
configure:15886: result: yes
configure:15892: checking for _doprnt
configure:15892: g++ -o conftest -g -Wall -fPIC   conftest.cpp  >&5
/tmp/cc5Ud4uX.o: In function `main':
/root/github/pproj/tb-common-utils/tbsys/conftest.cpp:73: undefined reference to `_doprnt'
collect2: error: ld returned 1 exit status
configure:15892: $? = 1
configure: failed program was:
| /* confdefs.h */
| #define PACKAGE_NAME ""
| #define PACKAGE_TARNAME ""
| #define PACKAGE_VERSION ""
| #define PACKAGE_STRING ""
| #define PACKAGE_BUGREPORT ""
| #define PACKAGE_URL ""
| #define PACKAGE "tbsys"
| #define VERSION "0.1"
| #define STDC_HEADERS 1
| #define HAVE_SYS_TYPES_H 1
| #define HAVE_SYS_STAT_H 1
| #define HAVE_STDLIB_H 1
| #define HAVE_STRING_H 1
| #define HAVE_MEMORY_H 1
| #define HAVE_STRINGS_H 1
| #define HAVE_INTTYPES_H 1
| #define HAVE_STDINT_H 1
| #define HAVE_UNISTD_H 1
| #define HAVE_DLFCN_H 1
| #define LT_OBJDIR ".libs/"
| #define STDC_HEADERS 1
| #define HAVE_ARPA_INET_H 1
| #define HAVE_FCNTL_H 1
| #define HAVE_NETDB_H 1
| #define HAVE_NETINET_IN_H 1
| #define HAVE_STRING_H 1
| #define HAVE_STRINGS_H 1
| #define HAVE_SYS_SOCKET_H 1
| #define HAVE_SYS_TIME_H 1
| #define HAVE_UNISTD_H 1
| #define HAVE_STDBOOL_H 1
| #define TIME_WITH_SYS_TIME 1
| #define HAVE_STDLIB_H 1
| #define HAVE_MALLOC 1
| #define RETSIGTYPE void
| #define HAVE_VPRINTF 1
| /* end confdefs.h.  */
| /* Define _doprnt to an innocuous variant, in case <limits.h> declares _doprnt.
|    For example, HP-UX 11i <limits.h> declares gettimeofday.  */
| #define _doprnt innocuous__doprnt
| 
| /* System header to define __stub macros and hopefully few prototypes,
|     which can conflict with char _doprnt (); below.
|     Prefer <limits.h> to <assert.h> if __STDC__ is defined, since
|     <limits.h> exists even on freestanding compilers.  */
| 
| #ifdef __STDC__
| # include <limits.h>
| #else
| # include <assert.h>
| #endif
| 
| #undef _doprnt
| 
| /* Override any GCC internal prototype to avoid an error.
|    Use char because int might match the return type of a GCC
|    builtin and then its argument prototype would still apply.  */
| #ifdef __cplusplus
| extern "C"
| #endif
| char _doprnt ();
| /* The GNU C library defines this for functions which it implements
|     to always fail with ENOSYS.  Some functions are actually named
|     something starting with __ and the normal name is an alias.  */
| #if defined __stub__doprnt || defined __stub____doprnt
| choke me
| #endif
| 
| int
| main ()
| {
| return _doprnt ();
|   ;
|   return 0;
| }
configure:15892: result: no
configure:15906: checking for dup2
configure:15906: g++ -o conftest -g -Wall -fPIC   conftest.cpp  >&5
configure:15906: $? = 0
configure:15906: result: yes
configure:15906: checking for gethostbyname
configure:15906: g++ -o conftest -g -Wall -fPIC   conftest.cpp  >&5
configure:15906: $? = 0
configure:15906: result: yes
configure:15906: checking for gettimeofday
configure:15906: g++ -o conftest -g -Wall -fPIC   conftest.cpp  >&5
configure:15906: $? = 0
configure:15906: result: yes
configure:15906: checking for memmove
configure:15906: g++ -o conftest -g -Wall -fPIC   conftest.cpp  >&5
configure:15906: $? = 0
configure:15906: result: yes
configure:15906: checking for memset
configure:15906: g++ -o conftest -g -Wall -fPIC   conftest.cpp  >&5
configure:15906: $? = 0
configure:15906: result: yes
configure:15906: checking for socket
configure:15906: g++ -o conftest -g -Wall -fPIC   conftest.cpp  >&5
configure:15906: $? = 0
configure:15906: result: yes
configure:15906: checking for strcasecmp
configure:15906: g++ -o conftest -g -Wall -fPIC   conftest.cpp  >&5
configure:15906: $? = 0
configure:15906: result: yes
configure:15906: checking for strdup
configure:15906: g++ -o conftest -g -Wall -fPIC   conftest.cpp  >&5
configure:15906: $? = 0
configure:15906: result: yes
configure:16063: checking that generated files are newer than configure
configure:16069: result: done
configure:16096: creating ./config.status

## ---------------------- ##
## Running config.status. ##
## ---------------------- ##

This file was extended by config.status, which was
generated by GNU Autoconf 2.69.  Invocation command line was

  CONFIG_FILES    = 
  CONFIG_HEADERS  = 
  CONFIG_LINKS    = 
  CONFIG_COMMANDS = 
  $ ./config.status 

on localhost.localdomain

config.status:1070: creating Makefile
config.status:1070: creating src/Makefile
config.status:1070: creating test/Makefile
config.status:1242: executing depfiles commands
config.status:1242: executing libtool commands

## ---------------- ##
## Cache variables. ##
## ---------------- ##

ac_cv_build=x86_64-unknown-linux-gnu
ac_cv_c_compiler_gnu=yes
ac_cv_c_const=yes
ac_cv_c_inline=inline
ac_cv_c_volatile=yes
ac_cv_cxx_compiler_gnu=yes
ac_cv_env_CCC_set=
ac_cv_env_CCC_value=
ac_cv_env_CC_set=
ac_cv_env_CC_value=
ac_cv_env_CFLAGS_set=
ac_cv_env_CFLAGS_value=
ac_cv_env_CPPFLAGS_set=
ac_cv_env_CPPFLAGS_value=
ac_cv_env_CPP_set=
ac_cv_env_CPP_value=
ac_cv_env_CXXCPP_set=
ac_cv_env_CXXCPP_value=
ac_cv_env_CXXFLAGS_set=set
ac_cv_env_CXXFLAGS_value='-O3 -Wall -D_NO_EXCEPTION'
ac_cv_env_CXX_set=
ac_cv_env_CXX_value=
ac_cv_env_LDFLAGS_set=
ac_cv_env_LDFLAGS_value=
ac_cv_env_LIBS_set=
ac_cv_env_LIBS_value=
ac_cv_env_build_alias_set=
ac_cv_env_build_alias_value=
ac_cv_env_host_alias_set=
ac_cv_env_host_alias_value=
ac_cv_env_target_alias_set=
ac_cv_env_target_alias_value=
ac_cv_func__doprnt=no
ac_cv_func_dup2=yes
ac_cv_func_gethostbyname=yes
ac_cv_func_gettimeofday=yes
ac_cv_func_malloc_0_nonnull=yes
ac_cv_func_memcmp_working=yes
ac_cv_func_memmove=yes
ac_cv_func_memset=yes
ac_cv_func_socket=yes
ac_cv_func_strcasecmp=yes
ac_cv_func_strdup=yes
ac_cv_func_vprintf=yes
ac_cv_header_arpa_inet_h=yes
ac_cv_header_dlfcn_h=yes
ac_cv_header_fcntl_h=yes
ac_cv_header_inttypes_h=yes
ac_cv_header_memory_h=yes
ac_cv_header_netdb_h=yes
ac_cv_header_netinet_in_h=yes
ac_cv_header_stdbool_h=yes
ac_cv_header_stdc=yes
ac_cv_header_stdint_h=yes
ac_cv_header_stdlib_h=yes
ac_cv_header_string_h=yes
ac_cv_header_strings_h=yes
ac_cv_header_sys_socket_h=yes
ac_cv_header_sys_stat_h=yes
ac_cv_header_sys_time_h=yes
ac_cv_header_sys_types_h=yes
ac_cv_header_time=yes
ac_cv_header_unistd_h=yes
ac_cv_host=x86_64-unknown-linux-gnu
ac_cv_objext=o
ac_cv_path_EGREP='/usr/bin/grep -E'
ac_cv_path_FGREP='/usr/bin/grep -F'
ac_cv_path_GREP=/usr/bin/grep
ac_cv_path_SED=/usr/bin/sed
ac_cv_path_install='/usr/bin/install -c'
ac_cv_path_mkdir=/usr/bin/mkdir
ac_cv_prog_AWK=gawk
ac_cv_prog_CPP='gcc -E'
ac_cv_prog_CXXCPP='g++ -E'
ac_cv_prog_ac_ct_AR=ar
ac_cv_prog_ac_ct_CC=gcc
ac_cv_prog_ac_ct_CXX=g++
ac_cv_prog_ac_ct_OBJDUMP=objdump
ac_cv_prog_ac_ct_RANLIB=ranlib
ac_cv_prog_ac_ct_STRIP=strip
ac_cv_prog_cc_c89=
ac_cv_prog_cc_g=yes
ac_cv_prog_cxx_g=yes
ac_cv_prog_make_make_set=yes
ac_cv_struct_tm=time.h
ac_cv_type__Bool=no
ac_cv_type_signal=void
ac_cv_type_size_t=yes
am_cv_CC_dependencies_compiler_type=gcc3
am_cv_CXX_dependencies_compiler_type=gcc3
am_cv_make_support_nested_variables=yes
lt_cv_ar_at_file=@
lt_cv_archive_cmds_need_lc=no
lt_cv_deplibs_check_method=pass_all
lt_cv_file_magic_cmd='$MAGIC_CMD'
lt_cv_file_magic_test_file=
lt_cv_ld_reload_flag=-r
lt_cv_nm_interface='BSD nm'
lt_cv_objdir=.libs
lt_cv_path_LD=/usr/bin/ld
lt_cv_path_LDCXX='/usr/bin/ld -m elf_x86_64'
lt_cv_path_NM='/usr/bin/nm -B'
lt_cv_path_mainfest_tool=no
lt_cv_prog_compiler_c_o=yes
lt_cv_prog_compiler_c_o_CXX=yes
lt_cv_prog_compiler_pic='-fPIC -DPIC'
lt_cv_prog_compiler_pic_CXX='-fPIC -DPIC'
lt_cv_prog_compiler_pic_works=yes
lt_cv_prog_compiler_pic_works_CXX=yes
lt_cv_prog_compiler_rtti_exceptions=no
lt_cv_prog_compiler_static_works=no
lt_cv_prog_compiler_static_works_CXX=no
lt_cv_prog_gnu_ld=yes
lt_cv_prog_gnu_ldcxx=yes
lt_cv_sharedlib_from_linklib_cmd='printf %s\n'
lt_cv_shlibpath_overrides_runpath=no
lt_cv_sys_global_symbol_pipe='sed -n -e '\''s/^.*[	 ]\([ABCDGIRSTW][ABCDGIRSTW]*\)[	 ][	 ]*\([_A-Za-z][_A-Za-z0-9]*\)$/\1 \2 \2/p'\'' | sed '\''/ __gnu_lto/d'\'''
lt_cv_sys_global_symbol_to_c_name_address='sed -n -e '\''s/^: \([^ ]*\)[ ]*$/  {\"\1\", (void *) 0},/p'\'' -e '\''s/^[ABCDGIRSTW]* \([^ ]*\) \([^ ]*\)$/  {"\2", (void *) \&\2},/p'\'''
lt_cv_sys_global_symbol_to_c_name_address_lib_prefix='sed -n -e '\''s/^: \([^ ]*\)[ ]*$/  {\"\1\", (void *) 0},/p'\'' -e '\''s/^[ABCDGIRSTW]* \([^ ]*\) \(lib[^ ]*\)$/  {"\2", (void *) \&\2},/p'\'' -e '\''s/^[ABCDGIRSTW]* \([^ ]*\) \([^ ]*\)$/  {"lib\2", (void *) \&\2},/p'\'''
lt_cv_sys_global_symbol_to_cdecl='sed -n -e '\''s/^T .* \(.*\)$/extern int \1();/p'\'' -e '\''s/^[ABCDGIRSTW]* .* \(.*\)$/extern char \1;/p'\'''
lt_cv_sys_max_cmd_len=1572864
lt_cv_to_host_file_cmd=func_convert_file_noop
lt_cv_to_tool_file_cmd=func_convert_file_noop

## ----------------- ##
## Output variables. ##
## ----------------- ##

ACLOCAL='${SHELL} /root/github/pproj/tb-common-utils/tbsys/missing aclocal-1.13'
AMDEPBACKSLASH='\'
AMDEP_FALSE='#'
AMDEP_TRUE=''
AMTAR='$${TAR-tar}'
AM_BACKSLASH='\'
AM_DEFAULT_V='$(AM_DEFAULT_VERBOSITY)'
AM_DEFAULT_VERBOSITY='1'
AM_V='$(V)'
AR='ar'
AUTOCONF='${SHELL} /root/github/pproj/tb-common-utils/tbsys/missing autoconf'
AUTOHEADER='${SHELL} /root/github/pproj/tb-common-utils/tbsys/missing autoheader'
AUTOMAKE='${SHELL} /root/github/pproj/tb-common-utils/tbsys/missing automake-1.13'
AWK='gawk'
CC='gcc'
CCDEPMODE='depmode=gcc3'
CFLAGS='-g -O2'
CPP='gcc -E'
CPPFLAGS=''
CXX='g++'
CXXCPP='g++ -E'
CXXDEPMODE='depmode=gcc3'
CXXFLAGS='-g -Wall -fPIC'
CYGPATH_W='echo'
DEFS='-DPACKAGE_NAME=\"\" -DPACKAGE_TARNAME=\"\" -DPACKAGE_VERSION=\"\" -DPACKAGE_STRING=\"\" -DPACKAGE_BUGREPORT=\"\" -DPACKAGE_URL=\"\" -DPACKAGE=\"tbsys\" -DVERSION=\"0.1\" -DSTDC_HEADERS=1 -DHAVE_SYS_TYPES_H=1 -DHAVE_SYS_STAT_H=1 -DHAVE_STDLIB_H=1 -DHAVE_STRING_H=1 -DHAVE_MEMORY_H=1 -DHAVE_STRINGS_H=1 -DHAVE_INTTYPES_H=1 -DHAVE_STDINT_H=1 -DHAVE_UNISTD_H=1 -DHAVE_DLFCN_H=1 -DLT_OBJDIR=\".libs/\" -DSTDC_HEADERS=1 -DHAVE_ARPA_INET_H=1 -DHAVE_FCNTL_H=1 -DHAVE_NETDB_H=1 -DHAVE_NETINET_IN_H=1 -DHAVE_STRING_H=1 -DHAVE_STRINGS_H=1 -DHAVE_SYS_SOCKET_H=1 -DHAVE_SYS_TIME_H=1 -DHAVE_UNISTD_H=1 -DHAVE_STDBOOL_H=1 -DTIME_WITH_SYS_TIME=1 -DHAVE_STDLIB_H=1 -DHAVE_MALLOC=1 -DRETSIGTYPE=void -DHAVE_VPRINTF=1 -DHAVE_DUP2=1 -DHAVE_GETHOSTBYNAME=1 -DHAVE_GETTIMEOFDAY=1 -DHAVE_MEMMOVE=1 -DHAVE_MEMSET=1 -DHAVE_SOCKET=1 -DHAVE_STRCASECMP=1 -DHAVE_STRDUP=1'
DEPDIR='.deps'
DLLTOOL='false'
DSYMUTIL=''
DUMPBIN=''
ECHO_C=''
ECHO_N='-n'
ECHO_T=''
EGREP='/usr/bin/grep -E'
EXEEXT=''
FGREP='/usr/bin/grep -F'
GREP='/usr/bin/grep'
INSTALL_DATA='${INSTALL} -m 644'
INSTALL_PROGRAM='${INSTALL}'
INSTALL_SCRIPT='${INSTALL}'
INSTALL_STRIP_PROGRAM='$(install_sh) -c -s'
LD='/usr/bin/ld -m elf_x86_64'
LDFLAGS=''
LIBOBJS=''
LIBS=''
LIBTOOL='$(SHELL) $(top_builddir)/libtool'
LIPO=''
LN_S='ln -s'
LTLIBOBJS=''
MAKEINFO='${SHELL} /root/github/pproj/tb-common-utils/tbsys/missing makeinfo'
MANIFEST_TOOL=':'
MKDIR_P='/usr/bin/mkdir -p'
NM='/usr/bin/nm -B'
NMEDIT=''
OBJDUMP='objdump'
OBJEXT='o'
OTOOL64=''
OTOOL=''
PACKAGE='tbsys'
PACKAGE_BUGREPORT=''
PACKAGE_NAME=''
PACKAGE_STRING=''
PACKAGE_TARNAME=''
PACKAGE_URL=''
PACKAGE_VERSION=''
PATH_SEPARATOR=':'
RANLIB='ranlib'
SED='/usr/bin/sed'
SET_MAKE=''
SHELL='/bin/sh'
STRIP='strip'
VERSION='0.1'
ac_ct_AR='ar'
ac_ct_CC='gcc'
ac_ct_CXX='g++'
ac_ct_DUMPBIN=''
am__EXEEXT_FALSE=''
am__EXEEXT_TRUE='#'
am__fastdepCC_FALSE='#'
am__fastdepCC_TRUE=''
am__fastdepCXX_FALSE='#'
am__fastdepCXX_TRUE=''
am__include='include'
am__isrc=''
am__leading_dot='.'
am__nodep='_no'
am__quote=''
am__tar='$${TAR-tar} chof - "$$tardir"'
am__untar='$${TAR-tar} xf -'
bindir='${exec_prefix}/bin'
build='x86_64-unknown-linux-gnu'
build_alias=''
build_cpu='x86_64'
build_os='linux-gnu'
build_vendor='unknown'
datadir='${datarootdir}'
datarootdir='${prefix}/share'
docdir='${datarootdir}/doc/${PACKAGE}'
dvidir='${docdir}'
exec_prefix='${prefix}'
host='x86_64-unknown-linux-gnu'
host_alias=''
host_cpu='x86_64'
host_os='linux-gnu'
host_vendor='unknown'
htmldir='${docdir}'
includedir='/usr/local/taobao/include/tbsys'
infodir='${datarootdir}/info'
install_sh='${SHELL} /root/github/pproj/tb-common-utils/tbsys/install-sh'
libdir='${exec_prefix}/lib'
libexecdir='${exec_prefix}/libexec'
localedir='${datarootdir}/locale'
localstatedir='${prefix}/var'
mandir='${datarootdir}/man'
mkdir_p='$(MKDIR_P)'
oldincludedir='/usr/include'
pdfdir='${docdir}'
prefix='/usr/local/taobao'
program_transform_name='s,x,x,'
psdir='${docdir}'
sbindir='${exec_prefix}/sbin'
sharedstatedir='${prefix}/com'
sysconfdir='${prefix}/etc'
target_alias=''

## ----------- ##
## confdefs.h. ##
## ----------- ##

/* confdefs.h */
#define PACKAGE_NAME ""
#define PACKAGE_TARNAME ""
#define PACKAGE_VERSION ""
#define PACKAGE_STRING ""
#define PACKAGE_BUGREPORT ""
#define PACKAGE_URL ""
#define PACKAGE "tbsys"
#define VERSION "0.1"
#define STDC_HEADERS 1
#define HAVE_SYS_TYPES_H 1
#define HAVE_SYS_STAT_H 1
#define HAVE_STDLIB_H 1
#define HAVE_STRING_H 1
#define HAVE_MEMORY_H 1
#define HAVE_STRINGS_H 1
#define HAVE_INTTYPES_H 1
#define HAVE_STDINT_H 1
#define HAVE_UNISTD_H 1
#define HAVE_DLFCN_H 1
#define LT_OBJDIR ".libs/"
#define STDC_HEADERS 1
#define HAVE_ARPA_INET_H 1
#define HAVE_FCNTL_H 1
#define HAVE_NETDB_H 1
#define HAVE_NETINET_IN_H 1
#define HAVE_STRING_H 1
#define HAVE_STRINGS_H 1
#define HAVE_SYS_SOCKET_H 1
#define HAVE_SYS_TIME_H 1
#define HAVE_UNISTD_H 1
#define HAVE_STDBOOL_H 1
#define TIME_WITH_SYS_TIME 1
#define HAVE_STDLIB_H 1
#define HAVE_MALLOC 1
#define RETSIGTYPE void
#define HAVE_VPRINTF 1
#define HAVE_DUP2 1
#define HAVE_GETHOSTBYNAME 1
#define HAVE_GETTIMEOFDAY 1
#define HAVE_MEMMOVE 1
#define HAVE_MEMSET 1
#define HAVE_SOCKET 1
#define HAVE_STRCASECMP 1
#define HAVE_STRDUP 1

configure: exit 0
